
> ipd-design-system@0.0.0 build-storybook /home/milk/workspace/company/ipd-design-system
> storybook build "--output-dir" "/tmp/chromatic--23778-JdQwdaObMyuN"

@storybook/cli v8.0.8

info => Cleaning outputDir: ../../../../../tmp/chromatic--23778-JdQwdaObMyuN
info => Loading presets
info => Building manager..
info => Manager built (190 ms)
info => Building preview..
info Addon-docs: using MDX3
info => Using implicit CSS loaders
info => Using default Webpack5 setup
info Using tsconfig paths for react-docgen
WARN asset size limit: The following asset(s) exceed the recommended size limit (244 KiB).
WARN This can impact web performance.
WARN Assets: 
WARN   static/media/addon-library.7a58d2cb.png (456 KiB)
WARN   270.532832f0.iframe.bundle.js (637 KiB)
WARN   701.1bfe05b0.iframe.bundle.js (1.54 MiB)
WARN entrypoint size limit: The following entrypoint(s) combined asset size exceeds the recommended limit (244 KiB). This can impact web performance.
WARN Entrypoints:
WARN   main (1.56 MiB)
WARN       runtime~main.f0591b56.iframe.bundle.js
WARN       701.1bfe05b0.iframe.bundle.js
WARN       main.2c6ed486.iframe.bundle.js
WARN 
info => Preview built (6.09 s)
info => Output directory: /tmp/chromatic--23778-JdQwdaObMyuN
